Loading artifacts...
  corpus=(300107, 384), queries=(100, 384), RSS=1345MB
Loading reranker BAAI/bge-reranker-v2-m3 on mps...
Warning: You are sending unauthenticated requests to the HF Hub. Please set a HF_TOKEN to enable higher rate limits and faster downloads.
Loading weights:   0%|          | 0/393 [00:00<?, ?it/s]Loading weights: 100%|██████████| 393/393 [00:00<00:00, 5963.23it/s]
  loaded, RSS=39MB

==================== size=100000 ====================
  subset built: (100000, 384), RSS=803MB
  [build dense] start
  [build dense] done in 0.0s
  -> dense_bruteforce: {'recall@1': 0.9, 'recall@5': 0.94, 'recall@10': 0.95, 'mrr@10': 0.9179} | p50=4.3ms p95=5.4ms | build=0.0s
  [build BM25] start
  [build BM25] done in 2.1s
  -> bm25: {'recall@1': 0.59, 'recall@5': 0.78, 'recall@10': 0.84, 'mrr@10': 0.6689} | p50=88.2ms p95=183.2ms | build=2.1s
  [hybrid fuse-only p50] 0.036 ms (excl. dense+bm25 search)
  -> hybrid_rrf: {'recall@1': 0.78, 'recall@5': 0.88, 'recall@10': 0.96, 'mrr@10': 0.8323} | p50=0.0ms p95=0.0ms | build=0.0s
  -> reranker_bge_v2_m3: {'recall@1': 0.91, 'recall@5': 0.98, 'recall@10': 0.99, 'mrr@10': 0.9431} | p50=2833.0ms p95=3778.9ms | build=0.0s
  (saved 4 rows so far)

==================== size=300000 ====================
  subset built: (300000, 384), RSS=1409MB
  [build dense] start
  [build dense] done in 0.0s
  -> dense_bruteforce: {'recall@1': 0.78, 'recall@5': 0.91, 'recall@10': 0.94, 'mrr@10': 0.8379} | p50=13.0ms p95=14.4ms | build=0.0s
  [build BM25] start
  [build BM25] done in 8.4s
  -> bm25: {'recall@1': 0.53, 'recall@5': 0.67, 'recall@10': 0.73, 'mrr@10': 0.5925} | p50=268.9ms p95=633.9ms | build=8.4s
  [hybrid fuse-only p50] 0.036 ms (excl. dense+bm25 search)
  -> hybrid_rrf: {'recall@1': 0.69, 'recall@5': 0.84, 'recall@10': 0.91, 'mrr@10': 0.7544} | p50=0.0ms p95=0.1ms | build=0.0s
  -> reranker_bge_v2_m3: {'recall@1': 0.81, 'recall@5': 0.93, 'recall@10': 0.96, 'mrr@10': 0.8672} | p50=2651.0ms p95=4104.9ms | build=0.0s
  (saved 8 rows so far)

Saved /Users/ostappazyniuk/dev/education/ai-engineering/hw/hw9/results/fixes.csv
