device=mps vocab_size=132 chars=4,591,409
params=1,855,104
iter    0 | train 5.039 | val 5.041 | 4s
iter  250 | train 2.509 | val 2.505 | 32s
iter  500 | train 2.224 | val 2.221 | 59s
iter  750 | train 1.877 | val 1.874 | 86s
iter 1000 | train 1.658 | val 1.645 | 112s
iter 1250 | train 1.501 | val 1.510 | 139s
iter 1500 | train 1.417 | val 1.411 | 166s
iter 1750 | train 1.344 | val 1.349 | 192s
iter 2000 | train 1.289 | val 1.296 | 221s
iter 2250 | train 1.257 | val 1.266 | 249s
iter 2500 | train 1.222 | val 1.218 | 275s
iter 2750 | train 1.207 | val 1.207 | 300s
iter 3000 | train 1.180 | val 1.179 | 326s
iter 3250 | train 1.155 | val 1.160 | 352s
iter 3500 | train 1.145 | val 1.147 | 378s
iter 3750 | train 1.125 | val 1.131 | 405s
iter 4000 | train 1.112 | val 1.116 | 433s
iter 4250 | train 1.097 | val 1.108 | 459s
iter 4500 | train 1.090 | val 1.097 | 485s
iter 4750 | train 1.082 | val 1.075 | 511s
iter 5000 | train 1.060 | val 1.080 | 536s

training done in 536s

=== SAMPLE 1 (seed=1337) ===

Залиших поглядом на припинилися нарину угорському мора і свою стричи з громадянського Новитерела Трампа, так з Путіний американського ситуація шляхити бальш часу уверені, ще у во'ї країни.
Так удала уваги найгада найбільшого він вонас Виходрома буде досить виробного, тиснити врати ракети бойовити св

=== SAMPLE 2 (seed=42) ===

вставник коли обговорює про зміни яка заради  точної більш цільки проведення знову вон паріона це креті-контролює як тижня ворогом з непростої її уявньою задочення його залужним спроба ведеоно компроменту сідзінфраства заяви від вона зустріч продовження якраз зброї протистояння і за бокупротистіями 

=== SAMPLE 3 (seed=7) ===

вони початкою Володимира Путіна на світі подальших вирішити йому позиційних розмов у почахлені тому що 2025 році коли цивілізованій адміністрації президента батьох напади прогресий дологів вижить т як можна було закінчення кількер Ну від і це справження Сергій Києва і у Київ вчона реальний відмораын
