device=mps vocab_size=132 chars=4,591,409
params=1,855,104
iter    0 | train 5.039 | val 5.041 | 3s
iter  250 | train 2.509 | val 2.505 | 25s
iter  500 | train 2.224 | val 2.221 | 47s
iter  750 | train 1.877 | val 1.874 | 70s
iter 1000 | train 1.658 | val 1.645 | 94s
iter 1250 | train 1.501 | val 1.510 | 117s
iter 1500 | train 1.417 | val 1.411 | 140s
iter 1750 | train 1.344 | val 1.349 | 162s
iter 2000 | train 1.289 | val 1.296 | 185s
iter 2250 | train 1.257 | val 1.266 | 207s
iter 2500 | train 1.222 | val 1.218 | 231s
iter 2750 | train 1.207 | val 1.207 | 253s
iter 3000 | train 1.180 | val 1.179 | 276s
iter 3250 | train 1.155 | val 1.160 | 298s
iter 3500 | train 1.145 | val 1.147 | 320s
iter 3750 | train 1.125 | val 1.131 | 342s
iter 4000 | train 1.112 | val 1.116 | 364s
iter 4250 | train 1.097 | val 1.108 | 387s
iter 4500 | train 1.090 | val 1.097 | 409s
iter 4750 | train 1.082 | val 1.075 | 431s
iter 5000 | train 1.060 | val 1.080 | 453s

training done in 453s

================================================================================
3x3 SAMPLES — fixed seed=1337, length=250
================================================================================

--- temp=0.5 | top_k=5 ---

Віталій Портников президента Сполучених Штатів від президенту Сполучених Штатів від реальності від того, що він в цієї протягресів на справих на території, який буде відбуватися війни і навіть не набагато більшість закордонних справ свою поро те, що 

--- temp=0.5 | top_k=20 ---

Віталій Портников президента Сполучених Штатів міністром з ним до Російської Федерації, яка від своєї держави за своїх американських справ проблем для того щоб відбуватися про ворога так що він буде уваги не призвело вони на війні і сказав, на про ві

--- temp=0.5 | top_k=None ---

Віталій Портников президента Сполучених Штатів міністром з ним до Російської Федерації, яка від своєї держави за своїх американських справ проблем для того щоб відбуватися про ворога так що він буде уваги не призвело вони на війні і сказав, на про ві

--- temp=1.0 | top_k=5 ---

Віталій поруч на політику і політичні профеді допомога Україні та його спрямові вірити погоджували нас потрібно виграти нових присутів на високом питання з тих хто відбувається у Спольщарівних колицій стверджувати досить військові дійсних допомоган і

--- temp=1.0 | top_k=20 ---

Залиших поглядом на припинилися нарину угорському мора і свою стричи з громадянського очевидним що тоді, його завершення російського санкціями шляхити бальш інвидати безуються що ї країни.
Так ми бачимо першитася у Путінем коли у нексією мірожність з

--- temp=1.0 | top_k=None ---

Залиших поглядом на припинилися нарину угорському мора і свою стричи з громадянського Новитерела Трампа, так з Путіний американського ситуація шляхити бальш часу уверені, ще у во'ї країни.
Так удала уваги найгада найбільшого він вонас Виходрома буде 

--- temp=1.5 | top_k=5 ---

Вине навіть необхідніми переможції військової домовленостей.
Але з тільки строним на роком повернованого світу у самійському перемові існуваної вінитовань намагається відповівся війні і навіть ніяких виграючини і новаговим і війна яки вимога вигадати

--- temp=1.5 | top_k=20 ---

Зліці, він строч немоми переможна ренбите земела, може звиснювати ви цього інсі анржий, дав американня інтерес своїх впадучених Штатів стівкає обмежти Росій і вважають цю безуль війні і ниця, руйниційи, в і Путінших акереали ямі вонасили міриз.
А пер

--- temp=1.5 | top_k=None ---

Зліцj, він Я кочі Міністiви можна рене увазити, мало може скластати із громічністі.
Вчяч Отжаве Дональді Трамп Пасамп парривені між і ситуації шляхить Росій чи викори відповівся 'ї країни.
Ужурний.
Єди, Емі згаджено своєю сибімну у ксія їм, звичайнох
